TN:
SF:/Users/primary/uport-proxy/originalContracts/IdentityFactory.sol
FN:14,CreateProxyWithControllerAndRecovery
FNF:1
FNH:1
FNDA:4,CreateProxyWithControllerAndRecovery
DA:15,4
DA:16,4
DA:17,4
DA:18,4
DA:19,4
DA:21,4
DA:22,4
LF:7
LH:7
BRF:0
BRH:0
end_of_record
TN:
SF:/Users/primary/uport-proxy/originalContracts/IdentityFactoryWithRecoveryKey.sol
FN:14,CreateProxyWithControllerAndRecoveryKey
FNF:1
FNH:1
FNDA:1,CreateProxyWithControllerAndRecoveryKey
DA:15,1
DA:16,1
DA:17,1
DA:18,1
DA:20,1
DA:21,1
LF:6
LH:6
BRF:0
BRH:0
end_of_record
TN:
SF:/Users/primary/uport-proxy/originalContracts/Lib1.sol
FN:3,findAddress
FN:9,removeAddress
FNF:2
FNH:1
FNDA:0,findAddress
FNDA:10,removeAddress
DA:4,0
DA:5,0
DA:7,0
DA:10,10
DA:11,10
DA:12,10
DA:13,10
LF:7
LH:4
BRDA:5,1,0,0
BRDA:5,1,1,0
BRF:2
BRH:0
end_of_record
TN:
SF:/Users/primary/uport-proxy/originalContracts/Owned.sol
FN:5,onlyOwner
FN:6,ifOwner
FN:8,Owned
FN:12,isOwner
FN:14,transfer
FNF:5
FNH:4
FNDA:20,onlyOwner
FNDA:0,ifOwner
FNDA:11,Owned
FNDA:24,isOwner
FNDA:13,transfer
DA:9,11
DA:15,13
LF:2
LH:2
BRDA:5,1,0,18
BRDA:5,1,1,2
BRDA:6,2,0,0
BRDA:6,2,1,0
BRF:4
BRH:2
end_of_record
TN:
SF:/Users/primary/uport-proxy/originalContracts/Proxy.sol
FN:18,
FN:22,forward
FNF:2
FNH:2
FNDA:2,
FNDA:5,forward
DA:19,2
DA:27,5
DA:28,1
DA:30,4
LF:4
LH:4
BRDA:27,1,0,1
BRDA:27,1,1,4
BRF:2
BRH:2
end_of_record
TN:
SF:/Users/primary/uport-proxy/originalContracts/RecoverableController.sol
FN:24,onlyUserKey
FN:25,onlyRecoveryKey
FN:27,RecoverableController
FN:36,forward
FN:40,signRecoveryChange
FN:45,changeRecovery
FN:52,signControllerChange
FN:57,changeController
FN:64,signUserKeyChange
FN:69,changeUserKey
FN:77,changeRecoveryFromRecovery
FN:78,changeUserKeyFromRecovery
FNF:12
FNH:12
FNDA:9,onlyUserKey
FNDA:23,onlyRecoveryKey
FNDA:12,RecoverableController
FNDA:2,forward
FNDA:1,signRecoveryChange
FNDA:2,changeRecovery
FNDA:1,signControllerChange
FNDA:2,changeController
FNDA:1,signUserKeyChange
FNDA:2,changeUserKey
FNDA:12,changeRecoveryFromRecovery
FNDA:8,changeUserKeyFromRecovery
DA:28,12
DA:29,12
DA:30,12
DA:31,12
DA:32,12
DA:33,12
DA:37,2
DA:41,1
DA:42,1
DA:43,1
DA:46,2
DA:47,1
DA:48,1
DA:53,1
DA:54,1
DA:55,1
DA:58,2
DA:59,1
DA:60,1
DA:65,1
DA:66,1
DA:67,1
DA:70,2
DA:71,1
DA:72,1
DA:73,1
DA:79,8
DA:80,8
LF:28
LH:28
BRDA:24,1,0,5
BRDA:24,1,1,4
BRDA:25,2,0,20
BRDA:25,2,1,3
BRDA:46,3,0,1
BRDA:46,3,1,1
BRDA:58,4,0,1
BRDA:58,4,1,1
BRDA:70,5,0,1
BRDA:70,5,1,1
BRF:10
BRH:10
end_of_record
TN:
SF:/Users/primary/uport-proxy/originalContracts/RecoveryQuorum.sol
FN:18,onlyUserKey
FN:20,RecoveryQuorum
FN:27,signUserChange
FN:34,changeUserKey
FN:47,replaceDelegates
FN:57,collectedSignatures
FN:65,getAddresses
FN:67,neededSignatures
FN:74,addDelegate
FN:80,removeDelegate
FN:90,garbageCollect
FN:101,delegateRecordExists
FN:104,delegateIsDeleted
FN:107,delegateIsCurrent
FN:110,delegateHasValidSignature
FNF:15
FNH:15
FNDA:18,onlyUserKey
FNDA:10,RecoveryQuorum
FNDA:54,signUserChange
FNDA:59,changeUserKey
FNDA:17,replaceDelegates
FNDA:80,collectedSignatures
FNDA:14,getAddresses
FNDA:59,neededSignatures
FNDA:45,addDelegate
FNDA:15,removeDelegate
FNDA:17,garbageCollect
FNDA:1387,delegateRecordExists
FNDA:1360,delegateIsDeleted
FNDA:1288,delegateIsCurrent
FNDA:692,delegateHasValidSignature
DA:21,10
DA:22,10
DA:23,40
DA:24,40
DA:28,54
DA:29,52
DA:30,52
DA:31,52
DA:35,59
DA:36,7
DA:37,7
DA:39,51
DA:40,14
DA:42,51
DA:48,17
DA:49,15
DA:51,17
DA:52,17
DA:53,45
DA:55,17
DA:58,80
DA:59,692
DA:60,105
DA:69,59
DA:70,596
DA:72,59
DA:75,45
DA:76,39
DA:77,39
DA:81,15
DA:83,15
DA:84,4
DA:86,11
DA:91,17
DA:92,17
DA:93,72
DA:94,10
DA:95,10
DA:96,10
DA:97,10
DA:102,1387
DA:108,1288
DA:111,692
LF:43
LH:43
BRDA:18,1,0,17
BRDA:18,1,1,1
BRDA:28,2,0,52
BRDA:28,2,1,2
BRDA:35,3,0,7
BRDA:35,3,1,52
BRDA:39,4,0,14
BRDA:39,4,1,37
BRDA:59,5,0,105
BRDA:59,5,1,587
BRDA:70,6,0,364
BRDA:70,6,1,232
BRDA:75,7,0,39
BRDA:75,7,1,6
BRDA:81,8,0,15
BRDA:81,8,1,0
BRDA:83,9,0,4
BRDA:83,9,1,11
BRDA:93,10,0,10
BRDA:93,10,1,62
BRF:20
BRH:19
end_of_record
TN:
SF:/Users/primary/uport-proxy/originalContracts/TestRegistry.sol
FN:6,register
FN:10,testThrow
FNF:2
FNH:2
FNDA:5,register
FNDA:1,testThrow
DA:7,5
DA:11,1
LF:2
LH:2
BRF:0
BRH:0
end_of_record
